<?xml version="1.0" encoding="UTF-8"?>
<!-- Generated by org.testng.reporters.JUnitXMLReporter -->
<testsuite ignored="0" hostname="SHIFAT" failures="0" tests="4" name="Default test" time="0.528" errors="0" timestamp="2023-04-12T20:48:35 BDT">
  <testcase classname="storedProcedureTesting.SPtesting" name="testStoredProceduresExist" time="0.036"/>
  <testcase classname="storedProcedureTesting.SPtesting" name="testSelectAllCustomer" time="0.053"/>
  <testcase classname="storedProcedureTesting.SPtesting" name="testSelectAllCustomerByCity" time="0.013"/>
  <testcase classname="storedProcedureTesting.SPtesting" name="testSelectAllCustomerByCityAndPin" time="0.011"/>
</testsuite> <!-- Default test -->
