<?xml version="1.0" encoding="UTF-8"?>
<testng-results ignored="0" total="4" passed="4" failed="0" skipped="0">
  <reporter-output>
  </reporter-output>
  <suite started-at="2023-04-12T20:48:35 BDT" name="Default suite" finished-at="2023-04-12T20:48:35 BDT" duration-ms="528">
    <groups>
    </groups>
    <test started-at="2023-04-12T20:48:35 BDT" name="Default test" finished-at="2023-04-12T20:48:35 BDT" duration-ms="528">
      <class name="storedProcedureTesting.SPtesting">
        <test-method is-config="true" signature="setup()[pri:0, instance:storedProcedureTesting.SPtesting@4d0f2471]" started-at="2023-04-12T20:48:35 BDT" name="setup" finished-at="2023-04-12T20:48:35 BDT" duration-ms="363" status="PASS">
          <reporter-output>
          </reporter-output>
        </test-method> <!-- setup -->
        <test-method signature="testStoredProceduresExist()[pri:1, instance:storedProcedureTesting.SPtesting@4d0f2471]" started-at="2023-04-12T20:48:35 BDT" name="testStoredProceduresExist" finished-at="2023-04-12T20:48:35 BDT" duration-ms="36" status="PASS">
          <reporter-output>
          </reporter-output>
        </test-method> <!-- testStoredProceduresExist -->
        <test-method signature="testSelectAllCustomer()[pri:2, instance:storedProcedureTesting.SPtesting@4d0f2471]" started-at="2023-04-12T20:48:35 BDT" name="testSelectAllCustomer" finished-at="2023-04-12T20:48:35 BDT" duration-ms="53" status="PASS">
          <reporter-output>
          </reporter-output>
        </test-method> <!-- testSelectAllCustomer -->
        <test-method signature="testSelectAllCustomerByCity()[pri:3, instance:storedProcedureTesting.SPtesting@4d0f2471]" started-at="2023-04-12T20:48:35 BDT" name="testSelectAllCustomerByCity" finished-at="2023-04-12T20:48:35 BDT" duration-ms="13" status="PASS">
          <reporter-output>
          </reporter-output>
        </test-method> <!-- testSelectAllCustomerByCity -->
        <test-method signature="testSelectAllCustomerByCityAndPin()[pri:4, instance:storedProcedureTesting.SPtesting@4d0f2471]" started-at="2023-04-12T20:48:35 BDT" name="testSelectAllCustomerByCityAndPin" finished-at="2023-04-12T20:48:35 BDT" duration-ms="11" status="PASS">
          <reporter-output>
          </reporter-output>
        </test-method> <!-- testSelectAllCustomerByCityAndPin -->
        <test-method is-config="true" signature="tearDown()[pri:0, instance:storedProcedureTesting.SPtesting@4d0f2471]" started-at="2023-04-12T20:48:35 BDT" name="tearDown" finished-at="2023-04-12T20:48:35 BDT" duration-ms="2" status="PASS">
          <reporter-output>
          </reporter-output>
        </test-method> <!-- tearDown -->
      </class> <!-- storedProcedureTesting.SPtesting -->
    </test> <!-- Default test -->
  </suite> <!-- Default suite -->
</testng-results>
